<?xml version="1.0" encoding="UTF-8"?>
<!-- Generated by org.testng.reporters.JUnitReportReporter -->
<testsuite hostname="CSCVIEAE528186" name="TestLogin.LoginTestNG" tests="1" failures="0" timestamp="8 Aug 2016 09:35:20 GMT" time="0.010" errors="0">
  <testcase name="test" time="0.010" classname="TestLogin.LoginTestNG"/>
</testsuite> <!-- TestLogin.LoginTestNG -->
