<?xml version="1.0" encoding="UTF-8"?>
<!-- Generated by org.testng.reporters.JUnitReportReporter -->
<testsuite hostname="CSCVIEAI374218" name="testJunit.LoginTest" tests="1" failures="0" timestamp="5 Aug 2016 04:23:17 GMT" time="20.562" errors="0">
  <testcase name="testInvalidLogin" time="20.562" classname="testJunit.LoginTest"/>
</testsuite> <!-- testJunit.LoginTest -->
