<?xml version="1.0" encoding="UTF-8"?>
<!-- Generated by org.testng.reporters.JUnitReportReporter -->
<testsuite hostname="CSCVIEAE528186" name="com.csc.automationtest.LoginTestNG" tests="1" failures="0" timestamp="9 Aug 2016 10:54:29 GMT" time="13.523" errors="0">
  <testcase name="test" time="13.523" classname="com.csc.automationtest.LoginTestNG"/>
</testsuite> <!-- com.csc.automationtest.LoginTestNG -->
