<?xml version="1.0" encoding="UTF-8"?>
<!-- Generated by org.testng.reporters.JUnitReportReporter -->
<testsuite hostname="CSCVIEAE528186" name="com.csc.automationtest.LoginTestNG" tests="2" failures="0" timestamp="11 Aug 2016 07:19:32 GMT" time="4.729" errors="0">
  <testcase name="testHome" time="0.010" classname="com.csc.automationtest.LoginTestNG"/>
  <testcase name="testLogin" time="4.719" classname="com.csc.automationtest.LoginTestNG"/>
</testsuite> <!-- com.csc.automationtest.LoginTestNG -->
