<?xml version="1.0" encoding="UTF-8"?>
<!-- Generated by org.testng.reporters.JUnitReportReporter -->
<testsuite hostname="CSCVIEAE528186" name="com.csc.automationtest.LoginTestNG" tests="1" failures="0" timestamp="10 Aug 2016 07:28:25 GMT" time="4.810" errors="0">
  <testcase name="test1" time="4.810" classname="com.csc.automationtest.LoginTestNG"/>
</testsuite> <!-- com.csc.automationtest.LoginTestNG -->
