<?xml version="1.0" encoding="UTF-8"?>
<!-- Generated by org.testng.reporters.JUnitReportReporter -->
<testsuite hostname="CSCVIEAE528186" name="com.csc.automationtest.LoginTestNG" tests="1" failures="0" timestamp="8 Aug 2016 10:27:39 GMT" time="0.011" errors="0">
  <testcase name="test" time="0.011" classname="com.csc.automationtest.LoginTestNG"/>
</testsuite> <!-- com.csc.automationtest.LoginTestNG -->
